time="2024-10-09T02:19:11+07:00" level=info msg="[INFO] Upper AddUser, [START]: Processing Request"
time="2024-10-09T02:19:11+07:00" level=info msg="[INFO] Request Body: {ID:0 Username:User Admin Password:Test@1234 Email:user_admin@gmail.com Role:admin Phone: Workpalce: Team: CreatedBy: UpdatedBy: CreatedAt:0001-01-01 00:00:00 +0000 UTC UpdatedAt:0001-01-01 00:00:00 +0000 UTC}"
time="2024-10-09T02:19:11+07:00" level=error msg="[ERROR] Process Failed [Error 1062 (23000): Duplicate entry '' for key 'users.uni_users_phone']"
time="2024-10-09T13:40:20+07:00" level=info msg="[INFO] Upper UpdateUserPassword, [START]: Processing Request"
time="2024-10-09T13:40:20+07:00" level=info msg="[INFO] Request Body: {ID: CurrentPassword:Test@1234 NewPassword:Test@12345 VerifyPassword:Test@12345}"
time="2024-10-09T13:40:20+07:00" level=info msg="[INFO] Lower UpdateUserPassword, [END]: Elapsed Time 267.8386ms"
time="2024-10-09T13:40:46+07:00" level=info msg="[INFO] Upper UpdateUserPassword, [START]: Processing Request"
time="2024-10-09T13:40:46+07:00" level=info msg="[INFO] Request Body: {ID: CurrentPassword:Test@123 NewPassword:Test@1234 VerifyPassword:Test@1234}"
time="2024-10-09T13:40:46+07:00" level=error msg="[ERROR] Process Failed [crypto/bcrypt: hashedPassword is not the hash of the given password]"
time="2024-10-09T13:42:05+07:00" level=info msg="[INFO] Upper SignIn, [START]: Processing Request"
time="2024-10-09T13:42:05+07:00" level=info msg="[INFO] Request Body: {Email:admin@mail.com Password:******}"
time="2024-10-09T13:42:05+07:00" level=error msg="[ERROR] Process failed [user not found]"
time="2024-10-09T13:42:25+07:00" level=info msg="[INFO] Upper SignIn, [START]: Processing Request"
time="2024-10-09T13:42:25+07:00" level=info msg="[INFO] Request Body: {Email:admin@example.com Password:******}"
time="2024-10-09T13:42:25+07:00" level=error msg="[ERROR] Process failed [user not found]"
time="2024-10-09T13:42:32+07:00" level=info msg="[INFO] Upper SignIn, [START]: Processing Request"
time="2024-10-09T13:42:32+07:00" level=info msg="[INFO] Request Body: {Email:user_admin@example.com Password:******}"
time="2024-10-09T13:42:32+07:00" level=error msg="[ERROR] Process failed [user not found]"
time="2024-10-09T13:42:56+07:00" level=info msg="[INFO] Upper SignIn, [START]: Processing Request"
time="2024-10-09T13:42:56+07:00" level=info msg="[INFO] Request Body: {Email:admin@gmail.com Password:******}"
time="2024-10-09T13:42:57+07:00" level=error msg="[ERROR] Process failed [user not found]"
time="2024-10-09T13:42:59+07:00" level=info msg="[INFO] Upper SignIn, [START]: Processing Request"
time="2024-10-09T13:42:59+07:00" level=info msg="[INFO] Request Body: {Email:admin@gmail.com Password:******}"
time="2024-10-09T13:42:59+07:00" level=error msg="[ERROR] Process failed [user not found]"
