time="2024-09-29T16:54:39+07:00" level=info msg="[INFO] Upper SignIn, [START]: Processing Request"
time="2024-09-29T16:54:39+07:00" level=info msg="[INFO] Request Body: {Username:johndoe Password:******}"
time="2024-09-29T16:54:39+07:00" level=info msg="[INFO] Lower SignIn, [END]: Elapsed time 61.4864ms"
time="2024-09-29T16:54:42+07:00" level=info msg="[INFO] Upper AddTicket, [START]: Processing Request"
time="2024-09-29T16:54:42+07:00" level=error msg="[ERROR] Process Failed [Error 1292 (22007): Incorrect datetime value: '0000-00-00' for column 'report_date' at row 1]"
time="2024-09-29T16:56:57+07:00" level=info msg="[INFO] Upper AddTicket, [START]: Processing Request"
time="2024-09-29T16:56:57+07:00" level=error msg="[ERROR] Process Failed [Error 1292 (22007): Incorrect datetime value: '0000-00-00' for column 'report_date' at row 1]"
time="2024-09-29T16:57:35+07:00" level=info msg="[INFO] Upper AddTicket, [START]: Processing Request"
time="2024-09-29T16:57:35+07:00" level=error msg="[ERROR] Process Failed [Error 1292 (22007): Incorrect datetime value: '0000-00-00' for column 'report_date' at row 1]"
time="2024-09-29T17:01:01+07:00" level=info msg="[INFO] Upper AddTicket, [START]: Processing Request"
time="2024-09-29T17:01:01+07:00" level=error msg="[ERROR] Process Failed [Error 1292 (22007): Incorrect datetime value: '0000-00-00' for column 'report_date' at row 1]"
time="2024-09-29T17:08:14+07:00" level=info msg="[INFO] Upper AddTicket, [START]: Processing Request"
time="2024-09-29T17:08:27+07:00" level=info msg="[INFO] Upper AddTicket, [START]: Processing Request"
time="2024-09-29T17:09:14+07:00" level=info msg="[INFO] Upper AddTicket, [START]: Processing Request"
time="2024-09-29T17:09:32+07:00" level=info msg="[INFO] Upper AddTicket, [START]: Processing Request"
time="2024-09-29T17:09:45+07:00" level=info msg="[INFO] Upper AddTicket, [START]: Processing Request"
time="2024-09-29T17:10:04+07:00" level=info msg="[INFO] Upper AddTicket, [START]: Processing Request"
time="2024-09-29T17:10:04+07:00" level=info msg="[INFO] Lower AddTicket, [END]: Elapsed Time 118.4182ms"
time="2024-09-29T17:11:53+07:00" level=info msg="[INFO] Upper AddTicket, [START]: Processing Request"
time="2024-09-29T17:12:48+07:00" level=info msg="[INFO] Upper AddTicket, [START]: Processing Request"
time="2024-09-29T17:13:31+07:00" level=info msg="[INFO] Upper AddTicket, [START]: Processing Request"
time="2024-09-29T17:14:18+07:00" level=info msg="[INFO] Upper AddTicket, [START]: Processing Request"
time="2024-09-29T17:17:21+07:00" level=info msg="[INFO] Upper AddTicket, [START]: Processing Request"
time="2024-09-29T17:17:21+07:00" level=error msg="[ERROR] Process Failed [open ./uploads/Issue/BASE PACKAGE STG.txt: The system cannot find the path specified.]"
time="2024-09-29T17:19:36+07:00" level=info msg="[INFO] Upper AddTicket, [START]: Processing Request"
time="2024-09-29T17:19:37+07:00" level=info msg="[INFO] Lower AddTicket, [END]: Elapsed Time 218.8789ms"
time="2024-09-29T17:22:47+07:00" level=info msg="[INFO] Upper AddTicket, [START]: Processing Request"
time="2024-09-29T17:22:47+07:00" level=info msg="[INFO] Lower AddTicket, [END]: Elapsed Time 227.714ms"
time="2024-09-29T17:23:25+07:00" level=info msg="[INFO] Upper SignIn, [START]: Processing Request"
time="2024-09-29T17:23:25+07:00" level=info msg="[INFO] Request Body: {Username:johndoe Password:******}"
time="2024-09-29T17:23:25+07:00" level=info msg="[INFO] Lower SignIn, [END]: Elapsed time 64.193ms"
time="2024-09-29T17:25:52+07:00" level=info msg="[INFO] Upper AddTicket, [START]: Processing Request"
time="2024-09-29T17:26:31+07:00" level=info msg="[INFO] Upper SignIn, [START]: Processing Request"
time="2024-09-29T17:26:31+07:00" level=info msg="[INFO] Request Body: {Username:johndoe Password:******}"
time="2024-09-29T17:26:31+07:00" level=info msg="[INFO] Lower SignIn, [END]: Elapsed time 76.6994ms"
time="2024-09-29T17:26:46+07:00" level=info msg="[INFO] Upper AddTicket, [START]: Processing Request"
time="2024-09-29T17:27:32+07:00" level=info msg="[INFO] Upper AddTicket, [START]: Processing Request"
time="2024-09-29T17:28:04+07:00" level=info msg="[INFO] Upper AddTicket, [START]: Processing Request"
time="2024-09-29T17:28:37+07:00" level=info msg="[INFO] Upper AddTicket, [START]: Processing Request"
time="2024-09-29T17:29:37+07:00" level=info msg="[INFO] Upper AddTicket, [START]: Processing Request"
time="2024-09-29T17:30:34+07:00" level=info msg="[INFO] Upper AddTicket, [START]: Processing Request"
time="2024-09-29T17:31:13+07:00" level=info msg="[INFO] Upper AddTicket, [START]: Processing Request"
time="2024-09-29T17:31:34+07:00" level=info msg="[INFO] Upper AddTicket, [START]: Processing Request"
time="2024-09-29T17:32:14+07:00" level=info msg="[INFO] Upper AddTicket, [START]: Processing Request"
time="2024-09-29T17:33:32+07:00" level=info msg="[INFO] Upper AddTicket, [START]: Processing Request"
time="2024-09-29T17:33:33+07:00" level=info msg="[INFO] Lower AddTicket, [END]: Elapsed Time 223.4718ms"
time="2024-09-29T18:43:28+07:00" level=info msg="[INFO] Upper SignIn, [START]: Processing Request"
time="2024-09-29T18:43:28+07:00" level=info msg="[INFO] Request Body: {Username:johndoe Password:******}"
time="2024-09-29T18:43:28+07:00" level=info msg="[INFO] Lower SignIn, [END]: Elapsed time 62.8421ms"
time="2024-09-29T18:43:30+07:00" level=info msg="[INFO] Upper GetTickets, [START]: Processing Request"
time="2024-09-29T18:43:30+07:00" level=info msg="[INFO] Lower GetTickets, [END]: Elapsed Time 0s"
time="2024-09-29T18:43:35+07:00" level=info msg="[INFO] Upper GetTickets, [START]: Processing Request"
time="2024-09-29T18:43:35+07:00" level=info msg="[INFO] Lower GetTickets, [END]: Elapsed Time 0s"
time="2024-09-29T18:48:08+07:00" level=info msg="[INFO] Upper GetTickets, [START]: Processing Request"
time="2024-09-29T18:48:08+07:00" level=info msg="[INFO] Lower GetTickets, [END]: Elapsed Time 4.9951ms"
time="2024-09-29T18:48:52+07:00" level=info msg="[INFO] Upper GetTickets, [START]: Processing Request"
time="2024-09-29T18:48:52+07:00" level=info msg="[INFO] Lower GetTickets, [END]: Elapsed Time 7.5131ms"
time="2024-09-29T18:49:36+07:00" level=info msg="[INFO] Upper GetTickets, [START]: Processing Request"
time="2024-09-29T18:49:36+07:00" level=info msg="[INFO] Lower GetTickets, [END]: Elapsed Time 108.814ms"
time="2024-09-29T18:51:21+07:00" level=info msg="[INFO] Upper GetTickets, [START]: Processing Request"
time="2024-09-29T18:51:21+07:00" level=info msg="[INFO] Lower GetTickets, [END]: Elapsed Time 120.5519ms"
time="2024-09-29T18:53:19+07:00" level=info msg="[INFO] Upper GetTickets, [START]: Processing Request"
time="2024-09-29T18:53:19+07:00" level=info msg="[INFO] Lower GetTickets, [END]: Elapsed Time 108.8441ms"
time="2024-09-29T18:55:03+07:00" level=info msg="[INFO] Upper GetTickets, [START]: Processing Request"
time="2024-09-29T18:55:03+07:00" level=info msg="[INFO] Lower GetTickets, [END]: Elapsed Time 102.3733ms"
time="2024-09-29T18:56:01+07:00" level=info msg="[INFO] Upper GetTickets, [START]: Processing Request"
time="2024-09-29T18:56:01+07:00" level=info msg="[INFO] Lower GetTickets, [END]: Elapsed Time 108.4618ms"
time="2024-09-29T18:57:42+07:00" level=info msg="[INFO] Upper GetTickets, [START]: Processing Request"
time="2024-09-29T18:57:42+07:00" level=info msg="[INFO] Lower GetTickets, [END]: Elapsed Time 114.9424ms"
time="2024-09-29T18:58:37+07:00" level=info msg="[INFO] Upper GetTicketById, [START]: Processing Request"
time="2024-09-29T18:58:37+07:00" level=error msg="[ERROR] Process Failed [Error 1054 (42S22): Unknown column 'ticket_id' in 'where clause']"
time="2024-09-29T18:59:01+07:00" level=info msg="[INFO] Upper GetTicketById, [START]: Processing Request"
time="2024-09-29T18:59:01+07:00" level=error msg="[ERROR] Process Failed [Error 1054 (42S22): Unknown column 'ticket_id' in 'where clause']"
time="2024-09-29T18:59:29+07:00" level=info msg="[INFO] Upper GetTicketById, [START]: Processing Request"
time="2024-09-29T18:59:29+07:00" level=error msg="[ERROR] Process Failed [record not found]"
time="2024-09-29T18:59:34+07:00" level=info msg="[INFO] Upper GetTicketById, [START]: Processing Request"
time="2024-09-29T18:59:34+07:00" level=error msg="[ERROR] Process Failed [record not found]"
time="2024-09-29T18:59:35+07:00" level=info msg="[INFO] Upper GetTicketById, [START]: Processing Request"
time="2024-09-29T18:59:35+07:00" level=error msg="[ERROR] Process Failed [record not found]"
time="2024-09-29T18:59:36+07:00" level=info msg="[INFO] Upper GetTicketById, [START]: Processing Request"
time="2024-09-29T18:59:36+07:00" level=error msg="[ERROR] Process Failed [record not found]"
time="2024-09-29T18:59:37+07:00" level=info msg="[INFO] Upper GetTicketById, [START]: Processing Request"
time="2024-09-29T18:59:37+07:00" level=error msg="[ERROR] Process Failed [record not found]"
time="2024-09-29T18:59:38+07:00" level=info msg="[INFO] Upper GetTicketById, [START]: Processing Request"
time="2024-09-29T18:59:38+07:00" level=error msg="[ERROR] Process Failed [record not found]"
time="2024-09-29T18:59:55+07:00" level=info msg="[INFO] Upper GetTicketById, [START]: Processing Request"
time="2024-09-29T18:59:55+07:00" level=error msg="[ERROR] Process Failed [record not found]"
time="2024-09-29T18:59:57+07:00" level=info msg="[INFO] Upper GetTicketById, [START]: Processing Request"
time="2024-09-29T18:59:57+07:00" level=error msg="[ERROR] Process Failed [record not found]"
time="2024-09-29T19:01:19+07:00" level=info msg="[INFO] Upper GetTicketById, [START]: Processing Request"
time="2024-09-29T19:01:19+07:00" level=info msg="[INFO] Lower GetTicketById, [END]: Elapsed Time 8.7013ms"
time="2024-09-29T19:01:46+07:00" level=info msg="[INFO] Upper GetTicketById, [START]: Processing Request"
time="2024-09-29T19:01:46+07:00" level=info msg="[INFO] Lower GetTicketById, [END]: Elapsed Time 20.9204ms"
time="2024-09-29T19:01:49+07:00" level=info msg="[INFO] Upper GetTickets, [START]: Processing Request"
time="2024-09-29T19:01:49+07:00" level=info msg="[INFO] Lower GetTickets, [END]: Elapsed Time 107.9284ms"
time="2024-09-29T19:03:21+07:00" level=info msg="[INFO] Upper GetTicketById, [START]: Processing Request"
time="2024-09-29T19:03:21+07:00" level=info msg="[INFO] Lower GetTicketById, [END]: Elapsed Time 158.7801ms"
time="2024-09-29T19:04:39+07:00" level=info msg="[INFO] Upper GetTicketById, [START]: Processing Request"
time="2024-09-29T19:04:39+07:00" level=info msg="[INFO] Lower GetTicketById, [END]: Elapsed Time 200.5266ms"
time="2024-09-29T19:08:37+07:00" level=info msg="[INFO] Upper AddTicket, [START]: Processing Request"
time="2024-09-29T19:08:37+07:00" level=info msg="[INFO] Lower AddTicket, [END]: Elapsed Time 121.7713ms"
time="2024-09-29T19:08:42+07:00" level=info msg="[INFO] Upper GetTickets, [START]: Processing Request"
time="2024-09-29T19:08:42+07:00" level=info msg="[INFO] Lower GetTickets, [END]: Elapsed Time 109.1469ms"
time="2024-09-29T19:08:59+07:00" level=info msg="[INFO] Upper GetTicketById, [START]: Processing Request"
time="2024-09-29T19:08:59+07:00" level=info msg="[INFO] Lower GetTicketById, [END]: Elapsed Time 203.2695ms"
time="2024-09-29T19:09:17+07:00" level=info msg="[INFO] Upper GetTicketById, [START]: Processing Request"
time="2024-09-29T19:09:18+07:00" level=info msg="[INFO] Lower GetTicketById, [END]: Elapsed Time 211.073ms"
time="2024-09-29T19:09:59+07:00" level=info msg="[INFO] Upper AddTicket, [START]: Processing Request"
time="2024-09-29T19:09:59+07:00" level=info msg="[INFO] Lower AddTicket, [END]: Elapsed Time 114.9277ms"
time="2024-09-29T19:11:56+07:00" level=info msg="[INFO] Upper AddTicket, [START]: Processing Request"
time="2024-09-29T19:11:56+07:00" level=info msg="[INFO] Lower AddTicket, [END]: Elapsed Time 108.9545ms"
time="2024-09-29T19:12:38+07:00" level=info msg="[INFO] Upper AddTicket, [START]: Processing Request"
time="2024-09-29T19:12:59+07:00" level=info msg="[INFO] Upper AddTicket, [START]: Processing Request"
time="2024-09-29T19:13:49+07:00" level=info msg="[INFO] Upper AddTicket, [START]: Processing Request"
time="2024-09-29T19:14:07+07:00" level=info msg="[INFO] Upper AddTicket, [START]: Processing Request"
time="2024-09-29T19:14:07+07:00" level=info msg="[INFO] Lower AddTicket, [END]: Elapsed Time 205.5428ms"
time="2024-09-29T19:14:13+07:00" level=info msg="[INFO] Upper GetTickets, [START]: Processing Request"
time="2024-09-29T19:14:13+07:00" level=info msg="[INFO] Lower GetTickets, [END]: Elapsed Time 106.5639ms"
time="2024-09-29T19:14:25+07:00" level=info msg="[INFO] Upper GetTicketById, [START]: Processing Request"
time="2024-09-29T19:14:25+07:00" level=info msg="[INFO] Lower GetTicketById, [END]: Elapsed Time 206.4802ms"
time="2024-09-29T19:17:39+07:00" level=info msg="[INFO] Upper UpdateTicket, [START]: Processing Request"
time="2024-09-29T19:19:03+07:00" level=info msg="[INFO] Upper UpdateTicket, [START]: Processing Request"
time="2024-09-29T19:19:03+07:00" level=error msg="[ERROR] Process Failed [Error 1054 (42S22): Unknown column 'ticket_id' in 'where clause']"
time="2024-09-29T19:19:21+07:00" level=info msg="[INFO] Upper UpdateTicket, [START]: Processing Request"
time="2024-09-29T19:19:21+07:00" level=info msg="[INFO] Lower UpdateTicket, [END]: Elapsed Time 58.5539ms"
time="2024-09-29T19:19:29+07:00" level=info msg="[INFO] Upper GetTicketById, [START]: Processing Request"
time="2024-09-29T19:19:30+07:00" level=info msg="[INFO] Lower GetTicketById, [END]: Elapsed Time 207.9194ms"
time="2024-09-29T19:19:54+07:00" level=info msg="[INFO] Upper UpdateTicket, [START]: Processing Request"
time="2024-09-29T19:19:54+07:00" level=info msg="[INFO] Lower UpdateTicket, [END]: Elapsed Time 68.7156ms"
time="2024-09-29T19:19:57+07:00" level=info msg="[INFO] Upper GetTicketById, [START]: Processing Request"
time="2024-09-29T19:19:57+07:00" level=info msg="[INFO] Lower GetTicketById, [END]: Elapsed Time 209.7219ms"
time="2024-09-29T19:20:39+07:00" level=info msg="[INFO] Upper GetTicketById, [START]: Processing Request"
time="2024-09-29T19:20:39+07:00" level=info msg="[INFO] Lower GetTicketById, [END]: Elapsed Time 210.9132ms"
time="2024-09-29T19:20:46+07:00" level=info msg="[INFO] Upper GetTicketById, [START]: Processing Request"
time="2024-09-29T19:20:46+07:00" level=info msg="[INFO] Lower GetTicketById, [END]: Elapsed Time 213.0475ms"
time="2024-09-29T19:20:52+07:00" level=info msg="[INFO] Upper DeleteTicket, [START]: Processing Request"
time="2024-09-29T19:20:52+07:00" level=info msg="[INFO] Lower DeleteTicket, [END]: Elapsed Time 66.3475ms"
time="2024-09-29T19:20:55+07:00" level=info msg="[INFO] Upper GetTicketById, [START]: Processing Request"
time="2024-09-29T19:21:54+07:00" level=info msg="[INFO] Upper GetTicketById, [START]: Processing Request"
time="2024-09-29T19:21:54+07:00" level=error msg="[ERROR] Process Failed [record not found]"
time="2024-09-29T19:21:57+07:00" level=info msg="[INFO] Upper GetTicketById, [START]: Processing Request"
time="2024-09-29T19:21:57+07:00" level=error msg="[ERROR] Process Failed [record not found]"
time="2024-09-29T19:43:21+07:00" level=info msg="[INFO] Upper GetActivitiesByTicketNo, [START]: Processing Request"
time="2024-09-29T19:43:21+07:00" level=info msg="[INFO] Lower GetActivitiesByTicketNo, [END]: Elapsed Time 7.448ms"
time="2024-09-29T19:43:38+07:00" level=info msg="[INFO] Upper SignIn, [START]: Processing Request"
time="2024-09-29T19:43:38+07:00" level=info msg="[INFO] Request Body: {Username:johndoe Password:******}"
time="2024-09-29T19:43:38+07:00" level=info msg="[INFO] Lower SignIn, [END]: Elapsed time 62.1448ms"
time="2024-09-29T19:43:40+07:00" level=info msg="[INFO] Upper GetTickets, [START]: Processing Request"
time="2024-09-29T19:43:40+07:00" level=info msg="[INFO] Lower GetTickets, [END]: Elapsed Time 108.1946ms"
time="2024-09-29T19:43:46+07:00" level=info msg="[INFO] Upper GetActivitiesByTicketNo, [START]: Processing Request"
time="2024-09-29T19:43:46+07:00" level=info msg="[INFO] Lower GetActivitiesByTicketNo, [END]: Elapsed Time 5.8555ms"
time="2024-09-29T19:44:17+07:00" level=info msg="[INFO] Upper GetActivitiesByTicketNo, [START]: Processing Request"
time="2024-09-29T19:44:18+07:00" level=info msg="[INFO] Lower GetActivitiesByTicketNo, [END]: Elapsed Time 11.093ms"
time="2024-09-29T19:44:19+07:00" level=info msg="[INFO] Upper GetActivitiesByTicketNo, [START]: Processing Request"
time="2024-09-29T19:44:19+07:00" level=info msg="[INFO] Lower GetActivitiesByTicketNo, [END]: Elapsed Time 14.0757ms"
time="2024-09-29T19:53:58+07:00" level=info msg="[INFO] Upper AddActivity, [START]: Processing Request"
time="2024-09-29T19:54:30+07:00" level=info msg="[INFO] Upper GetTickets, [START]: Processing Request"
time="2024-09-29T19:54:30+07:00" level=info msg="[INFO] Lower GetTickets, [END]: Elapsed Time 115.6794ms"
time="2024-09-29T19:54:42+07:00" level=info msg="[INFO] Upper AddActivity, [START]: Processing Request"
time="2024-09-29T19:54:42+07:00" level=info msg="[INFO] Lower AddActivity, [END]: Elapsed Time 118.579ms"
time="2024-09-29T19:54:48+07:00" level=info msg="[INFO] Upper GetTicketById, [START]: Processing Request"
time="2024-09-29T19:54:48+07:00" level=info msg="[INFO] Lower GetTicketById, [END]: Elapsed Time 210.2639ms"
time="2024-09-29T19:55:15+07:00" level=info msg="[INFO] Upper GetActivityById, [START]: Processing Request"
time="2024-09-29T19:55:15+07:00" level=error msg="[ERROR] Process Failed [record not found]"
time="2024-09-29T19:55:31+07:00" level=info msg="[INFO] Upper GetActivityById, [START]: Processing Request"
time="2024-09-29T19:55:32+07:00" level=info msg="[INFO] Lower GetActivityById, [END]: Elapsed Time 63.5262ms"
time="2024-09-29T19:55:49+07:00" level=info msg="[INFO] Upper DeleteActivity, [START]: Processing Request"
time="2024-09-29T19:55:49+07:00" level=info msg="[INFO] Lower DeleteActivity, [END]: Elapsed Time 68.8299ms"
time="2024-09-29T19:56:37+07:00" level=info msg="[INFO] Upper UpdateActivity, [START]: Processing Request"
time="2024-09-29T19:56:37+07:00" level=info msg="[INFO] Lower UpdateActivity, [END]: Elapsed Time 66.1018ms"
time="2024-09-29T19:56:47+07:00" level=info msg="[INFO] Upper UpdateActivity, [START]: Processing Request"
time="2024-09-29T19:56:48+07:00" level=info msg="[INFO] Lower UpdateActivity, [END]: Elapsed Time 58.7513ms"
time="2024-09-29T19:56:54+07:00" level=info msg="[INFO] Upper GetActivityById, [START]: Processing Request"
time="2024-09-29T19:56:54+07:00" level=info msg="[INFO] Lower GetActivityById, [END]: Elapsed Time 51.7027ms"
