time="2024-10-03T16:34:51+07:00" level=info msg="[INFO] Upper SignIn, [START]: Processing Request"
time="2024-10-03T16:34:51+07:00" level=info msg="[INFO] Request Body: {Username:johndoe Password:******}"
time="2024-10-03T16:34:51+07:00" level=info msg="[INFO] Lower SignIn, [END]: Elapsed time 293.4585ms"
time="2024-10-03T16:35:10+07:00" level=info msg="[INFO] Upper AddTicket, [START]: Processing Request"
time="2024-10-03T16:36:41+07:00" level=info msg="[INFO] Upper AddTicket, [START]: Processing Request"
time="2024-10-03T16:37:47+07:00" level=info msg="[INFO] Upper AddTicket, [START]: Processing Request"
time="2024-10-03T16:40:40+07:00" level=info msg="[INFO] Upper AddTicket, [START]: Processing Request"
time="2024-10-03T16:41:30+07:00" level=info msg="[INFO] Upper AddTicket, [START]: Processing Request"
time="2024-10-03T16:42:32+07:00" level=info msg="[INFO] Upper AddTicket, [START]: Processing Request"
time="2024-10-03T16:43:12+07:00" level=info msg="[INFO] Upper AddTicket, [START]: Processing Request"
time="2024-10-03T16:43:35+07:00" level=info msg="[INFO] Upper AddTicket, [START]: Processing Request"
time="2024-10-03T16:44:19+07:00" level=info msg="[INFO] Upper AddTicket, [START]: Processing Request"
time="2024-10-03T16:45:22+07:00" level=info msg="[INFO] Upper AddTicket, [START]: Processing Request"
time="2024-10-03T16:45:37+07:00" level=info msg="[INFO] Upper AddTicket, [START]: Processing Request"
time="2024-10-03T16:45:58+07:00" level=info msg="[INFO] Upper AddTicket, [START]: Processing Request"
time="2024-10-03T16:46:21+07:00" level=info msg="[INFO] Upper AddTicket, [START]: Processing Request"
time="2024-10-03T16:46:54+07:00" level=info msg="[INFO] Upper AddTicket, [START]: Processing Request"
time="2024-10-03T16:47:09+07:00" level=info msg="[INFO] Upper AddTicket, [START]: Processing Request"
time="2024-10-03T16:47:24+07:00" level=info msg="[INFO] Upper AddTicket, [START]: Processing Request"
time="2024-10-03T16:47:37+07:00" level=info msg="[INFO] Upper AddTicket, [START]: Processing Request"
time="2024-10-03T18:43:02+07:00" level=info msg="[INFO] Upper SignIn, [START]: Processing Request"
time="2024-10-03T18:43:02+07:00" level=info msg="[INFO] Request Body: {Username:johndoe Password:******}"
time="2024-10-03T18:43:02+07:00" level=info msg="[INFO] Lower SignIn, [END]: Elapsed time 136.6481ms"
time="2024-10-03T18:43:05+07:00" level=info msg="[INFO] Upper GetTickets, [START]: Processing Request"
time="2024-10-03T18:43:06+07:00" level=info msg="[INFO] Lower GetTickets, [END]: Elapsed Time 202.3086ms"
time="2024-10-03T18:43:38+07:00" level=info msg="[INFO] Upper GetTicketById, [START]: Processing Request"
time="2024-10-03T18:43:38+07:00" level=info msg="[INFO] Lower GetTicketById, [END]: Elapsed Time 308.9482ms"
time="2024-10-03T18:44:02+07:00" level=info msg="[INFO] Upper GetTicketById, [START]: Processing Request"
time="2024-10-03T18:44:02+07:00" level=info msg="[INFO] Lower GetTicketById, [END]: Elapsed Time 295.374ms"
time="2024-10-03T18:44:09+07:00" level=info msg="[INFO] Upper AddTicket, [START]: Processing Request"
time="2024-10-03T18:44:09+07:00" level=info msg="[INFO] Lower AddTicket, [END]: Elapsed Time 378.0051ms"
time="2024-10-03T18:44:16+07:00" level=info msg="[INFO] Upper GetTickets, [START]: Processing Request"
time="2024-10-03T18:44:16+07:00" level=info msg="[INFO] Lower GetTickets, [END]: Elapsed Time 268.3562ms"
time="2024-10-03T18:44:35+07:00" level=info msg="[INFO] Upper GetTicketById, [START]: Processing Request"
time="2024-10-03T18:44:35+07:00" level=info msg="[INFO] Lower GetTicketById, [END]: Elapsed Time 262.3921ms"
time="2024-10-03T18:44:55+07:00" level=info msg="[INFO] Upper GetActivityById, [START]: Processing Request"
time="2024-10-03T18:44:56+07:00" level=info msg="[INFO] Lower GetActivityById, [END]: Elapsed Time 113.2827ms"
time="2024-10-03T18:45:00+07:00" level=info msg="[INFO] Upper GetActivityById, [START]: Processing Request"
time="2024-10-03T18:45:00+07:00" level=info msg="[INFO] Lower GetActivityById, [END]: Elapsed Time 75.7871ms"
time="2024-10-03T18:49:41+07:00" level=info msg="[INFO] Upper FileDownload, [START]: Processing Request"
time="2024-10-03T18:49:41+07:00" level=error msg="[ERROR] Process Failed no filepath"
time="2024-10-03T18:49:44+07:00" level=info msg="[INFO] Upper FileDownload, [START]: Processing Request"
time="2024-10-03T18:49:44+07:00" level=error msg="[ERROR] Process Failed no filepath"
time="2024-10-03T18:51:21+07:00" level=info msg="[INFO] Upper FileServe, [START]: Processing Request"
time="2024-10-03T18:51:21+07:00" level=info msg="[INFO] Lower FileServe, [END]: Elapsed Time 1.1633ms"
time="2024-10-03T18:51:33+07:00" level=info msg="[INFO] Upper FileServe, [START]: Processing Request"
time="2024-10-03T18:51:33+07:00" level=info msg="[INFO] Lower FileServe, [END]: Elapsed Time 708.6µs"
time="2024-10-03T18:51:35+07:00" level=info msg="[INFO] Upper FileServe, [START]: Processing Request"
time="2024-10-03T18:51:35+07:00" level=info msg="[INFO] Lower FileServe, [END]: Elapsed Time 126.8µs"
time="2024-10-03T18:51:37+07:00" level=info msg="[INFO] Upper FileServe, [START]: Processing Request"
time="2024-10-03T18:51:37+07:00" level=info msg="[INFO] Lower FileServe, [END]: Elapsed Time 0s"
time="2024-10-03T18:51:40+07:00" level=info msg="[INFO] Upper FileDownload, [START]: Processing Request"
time="2024-10-03T18:51:40+07:00" level=info msg="[INFO] Lower FileDownload, [END]: Elapsed Time 6.688ms"
