time="2024-10-08T19:13:23Z" level=info msg="[INFO] Upper GetTicketById, [START]: Processing Request"
time="2024-10-08T19:13:23Z" level=error msg="[ERROR] Process Failed [record not found]"
time="2024-10-08T19:13:34Z" level=info msg="[INFO] Upper AddUser, [START]: Processing Request"
time="2024-10-08T19:13:34Z" level=info msg="[INFO] Request Body: {ID:0 Username:User Tester Password:Test@1234 Email:user_test@gmail.com Role:user Phone: Workpalce: Team: CreatedBy: UpdatedBy: CreatedAt:0001-01-01 00:00:00 +0000 UTC UpdatedAt:0001-01-01 00:00:00 +0000 UTC}"
time="2024-10-08T19:13:34Z" level=info msg="[INFO] Lower AddUser, [END]: Elapsed Time 142.836303ms"
time="2024-10-08T19:13:48Z" level=info msg="[INFO] Upper AddUser, [START]: Processing Request"
time="2024-10-08T19:13:48Z" level=info msg="[INFO] Request Body: {ID:0 Username:User Admin Password:Test@1234 Email:user_admin@gmail.com Role:user Phone: Workpalce: Team: CreatedBy: UpdatedBy: CreatedAt:0001-01-01 00:00:00 +0000 UTC UpdatedAt:0001-01-01 00:00:00 +0000 UTC}"
time="2024-10-08T19:13:48Z" level=error msg="[ERROR] Process Failed [Error 1062 (23000): Duplicate entry '' for key 'users.uni_users_phone']"
time="2024-10-08T19:14:15Z" level=info msg="[INFO] Upper AddUser, [START]: Processing Request"
time="2024-10-08T19:14:15Z" level=info msg="[INFO] Request Body: {ID:0 Username:User Admin Password:Test@1234 Email:user_admin@gmail.com Role:admin Phone: Workpalce: Team: CreatedBy: UpdatedBy: CreatedAt:0001-01-01 00:00:00 +0000 UTC UpdatedAt:0001-01-01 00:00:00 +0000 UTC}"
time="2024-10-08T19:14:15Z" level=error msg="[ERROR] Process Failed [Error 1062 (23000): Duplicate entry '' for key 'users.uni_users_phone']"
time="2024-10-08T19:17:16Z" level=info msg="[INFO] Upper AddUser, [START]: Processing Request"
time="2024-10-08T19:17:16Z" level=info msg="[INFO] Request Body: {ID:0 Username:User Admin Password:Test@1234 Email:user_admin@gmail.com Role:admin Phone: Workpalce: Team: CreatedBy: UpdatedBy: CreatedAt:0001-01-01 00:00:00 +0000 UTC UpdatedAt:0001-01-01 00:00:00 +0000 UTC}"
time="2024-10-08T19:17:17Z" level=error msg="[ERROR] Process Failed [Error 1062 (23000): Duplicate entry '' for key 'users.uni_users_phone']"
time="2024-10-08T19:17:24Z" level=info msg="[INFO] Upper AddUser, [START]: Processing Request"
time="2024-10-08T19:17:24Z" level=info msg="[INFO] Request Body: {ID:0 Username:User Admin Password:Test@1234 Email:user_admin@gmail.com Role:admin Phone: Workpalce: Team: CreatedBy: UpdatedBy: CreatedAt:0001-01-01 00:00:00 +0000 UTC UpdatedAt:0001-01-01 00:00:00 +0000 UTC}"
time="2024-10-08T19:17:24Z" level=error msg="[ERROR] Process Failed [Error 1062 (23000): Duplicate entry '' for key 'users.uni_users_phone']"
time="2024-10-08T19:24:07Z" level=info msg="[INFO] Upper AddUser, [START]: Processing Request"
time="2024-10-08T19:24:07Z" level=info msg="[INFO] Request Body: {ID:0 Username:User Admin Password:Test@1234 Email:user_admin@gmail.com Role:admin Phone: Workpalce: Team: CreatedBy: UpdatedBy: CreatedAt:0001-01-01 00:00:00 +0000 UTC UpdatedAt:0001-01-01 00:00:00 +0000 UTC}"
time="2024-10-08T19:24:07Z" level=info msg="[INFO] Lower AddUser, [END]: Elapsed Time 148.34946ms"
time="2024-10-08T19:24:38Z" level=info msg="[INFO] Upper AddUser, [START]: Processing Request"
time="2024-10-08T19:24:38Z" level=info msg="[INFO] Request Body: {ID:0 Username:User Default Password:Test@1234 Email:user_user@gmail.com Role:user Phone: Workpalce: Team: CreatedBy: UpdatedBy: CreatedAt:0001-01-01 00:00:00 +0000 UTC UpdatedAt:0001-01-01 00:00:00 +0000 UTC}"
time="2024-10-08T19:24:39Z" level=info msg="[INFO] Lower AddUser, [END]: Elapsed Time 137.638287ms"
time="2024-10-08T19:25:09Z" level=info msg="[INFO] Upper GetTickets, [START]: Processing Request"
time="2024-10-08T19:25:09Z" level=info msg="[INFO] Lower GetTickets, [END]: Elapsed Time 15.903333ms"
time="2024-10-08T19:25:10Z" level=info msg="[INFO] Upper GetTicketSummary, [START]: Processing Request"
time="2024-10-08T19:25:10Z" level=info msg="[INFO] Lower GetTicketSummary, [END]: Elapsed Time 26.559952ms"
time="2024-10-08T19:25:11Z" level=info msg="[INFO] Upper GetUsers, [START]: Processing Request"
time="2024-10-08T19:25:11Z" level=info msg="[INFO] Lower GetUsers, [END]: Elapsed Time 7.716466ms"
time="2024-10-08T19:25:11Z" level=info msg="[INFO] Upper GetTickets, [START]: Processing Request"
time="2024-10-08T19:25:11Z" level=info msg="[INFO] Lower GetTickets, [END]: Elapsed Time 7.719872ms"
time="2024-10-08T19:25:12Z" level=info msg="[INFO] Upper GetUserById, [START]: Processing Request"
time="2024-10-08T19:25:12Z" level=info msg="[INFO] Lower GetUserById, [END]: Elapsed Time 2.879578ms"
time="2024-10-08T19:25:12Z" level=info msg="[INFO] Upper GetUserById, [START]: Processing Request"
time="2024-10-08T19:25:12Z" level=info msg="[INFO] Lower GetUserById, [END]: Elapsed Time 2.506156ms"
time="2024-10-08T19:26:15Z" level=info msg="[INFO] Upper AddTicket, [START]: Processing Request"
time="2024-10-08T19:26:15Z" level=info msg="[INFO] Lower AddTicket, [END]: Elapsed Time 73.66883ms"
time="2024-10-08T19:26:15Z" level=info msg="[INFO] Upper GetTickets, [START]: Processing Request"
time="2024-10-08T19:26:15Z" level=info msg="[INFO] Lower GetTickets, [END]: Elapsed Time 13.365522ms"
time="2024-10-08T19:26:16Z" level=info msg="[INFO] Upper GetTicketSummary, [START]: Processing Request"
time="2024-10-08T19:26:16Z" level=info msg="[INFO] Lower GetTicketSummary, [END]: Elapsed Time 28.718972ms"
time="2024-10-08T19:26:23Z" level=info msg="[INFO] Upper GetTicketById, [START]: Processing Request"
time="2024-10-08T19:26:23Z" level=info msg="[INFO] Lower GetTicketById, [END]: Elapsed Time 24.348036ms"
time="2024-10-08T19:26:24Z" level=info msg="[INFO] Upper FileServe, [START]: Processing Request"
time="2024-10-08T19:26:24Z" level=info msg="[INFO] Lower FileServe, [END]: Elapsed Time 2.86998ms"
time="2024-10-08T19:26:25Z" level=info msg="[INFO] Upper FileServe, [START]: Processing Request"
time="2024-10-08T19:26:25Z" level=info msg="[INFO] Lower FileServe, [END]: Elapsed Time 8.197277ms"
time="2024-10-08T19:26:29Z" level=info msg="[INFO] Upper GetTicketById, [START]: Processing Request"
time="2024-10-08T19:26:29Z" level=info msg="[INFO] Lower GetTicketById, [END]: Elapsed Time 23.238978ms"
time="2024-10-08T19:27:00Z" level=info msg="[INFO] Upper SignIn, [START]: Processing Request"
time="2024-10-08T19:27:00Z" level=info msg="[INFO] Request Body: {Email:user_admin@example.com Password:******}"
time="2024-10-08T19:27:00Z" level=error msg="[ERROR] Process failed [user not found]"
time="2024-10-08T19:27:06Z" level=info msg="[INFO] Upper SignIn, [START]: Processing Request"
time="2024-10-08T19:27:06Z" level=info msg="[INFO] Request Body: {Email:user_admin@gmail.com Password:******}"
time="2024-10-08T19:27:07Z" level=info msg="[INFO] Lower SignIn, [END]: Elapsed time 166.091762ms"
time="2024-10-08T19:27:10Z" level=info msg="[INFO] Upper GetUserById, [START]: Processing Request"
time="2024-10-08T19:27:10Z" level=info msg="[INFO] Lower GetUserById, [END]: Elapsed Time 11.032355ms"
time="2024-10-08T19:27:12Z" level=info msg="[INFO] Upper GetTickets, [START]: Processing Request"
time="2024-10-08T19:27:12Z" level=info msg="[INFO] Lower GetTickets, [END]: Elapsed Time 17.826985ms"
time="2024-10-08T19:27:12Z" level=info msg="[INFO] Upper GetTicketSummary, [START]: Processing Request"
time="2024-10-08T19:27:13Z" level=info msg="[INFO] Lower GetTicketSummary, [END]: Elapsed Time 23.150725ms"
time="2024-10-08T19:27:14Z" level=info msg="[INFO] Upper GetUsers, [START]: Processing Request"
time="2024-10-08T19:27:14Z" level=info msg="[INFO] Lower GetUsers, [END]: Elapsed Time 7.136992ms"
time="2024-10-08T19:27:18Z" level=info msg="[INFO] Upper GetTicketById, [START]: Processing Request"
time="2024-10-08T19:27:18Z" level=info msg="[INFO] Lower GetTicketById, [END]: Elapsed Time 24.081394ms"
time="2024-10-08T19:27:18Z" level=info msg="[INFO] Upper FileServe, [START]: Processing Request"
time="2024-10-08T19:27:18Z" level=info msg="[INFO] Lower FileServe, [END]: Elapsed Time 3.071044ms"
time="2024-10-08T19:27:30Z" level=info msg="[INFO] Upper AddActivity, [START]: Processing Request"
time="2024-10-08T19:27:30Z" level=info msg="[INFO] Lower AddActivity, [END]: Elapsed Time 24.298451ms"
time="2024-10-08T19:27:30Z" level=info msg="[INFO] Upper GetTicketById, [START]: Processing Request"
time="2024-10-08T19:27:30Z" level=info msg="[INFO] Lower GetTicketById, [END]: Elapsed Time 15.202492ms"
time="2024-10-08T19:27:31Z" level=info msg="[INFO] Upper FileServe, [START]: Processing Request"
time="2024-10-08T19:27:31Z" level=info msg="[INFO] Lower FileServe, [END]: Elapsed Time 6.895772ms"
time="2024-10-08T19:27:33Z" level=info msg="[INFO] Upper GetTicketById, [START]: Processing Request"
time="2024-10-08T19:27:33Z" level=info msg="[INFO] Lower GetTicketById, [END]: Elapsed Time 18.243819ms"
time="2024-10-08T19:27:33Z" level=info msg="[INFO] Upper FileServe, [START]: Processing Request"
time="2024-10-08T19:27:33Z" level=info msg="[INFO] Lower FileServe, [END]: Elapsed Time 14.174423ms"
time="2024-10-08T19:27:42Z" level=info msg="[INFO] Upper GetTicketById, [START]: Processing Request"
time="2024-10-08T19:27:42Z" level=info msg="[INFO] Lower GetTicketById, [END]: Elapsed Time 16.980566ms"
time="2024-10-08T19:27:43Z" level=info msg="[INFO] Upper GetTicketById, [START]: Processing Request"
time="2024-10-08T19:27:43Z" level=info msg="[INFO] Lower GetTicketById, [END]: Elapsed Time 26.571195ms"
time="2024-10-08T19:31:51Z" level=info msg="[INFO] Upper GetTicketById, [START]: Processing Request"
time="2024-10-08T19:31:51Z" level=info msg="[INFO] Lower GetTicketById, [END]: Elapsed Time 17.446178ms"
time="2024-10-08T19:31:52Z" level=info msg="[INFO] Upper FileServe, [START]: Processing Request"
time="2024-10-08T19:31:52Z" level=info msg="[INFO] Lower FileServe, [END]: Elapsed Time 2.723536ms"
time="2024-10-08T19:32:01Z" level=info msg="[INFO] Upper GetTicketById, [START]: Processing Request"
time="2024-10-08T19:32:01Z" level=error msg="[ERROR] Process Failed [record not found]"
time="2024-10-08T19:32:01Z" level=info msg="[INFO] Upper GetTicketById, [START]: Processing Request"
time="2024-10-08T19:32:01Z" level=info msg="[INFO] Lower GetTicketById, [END]: Elapsed Time 13.282103ms"
time="2024-10-08T19:32:02Z" level=info msg="[INFO] Upper GetUserById, [START]: Processing Request"
time="2024-10-08T19:32:02Z" level=info msg="[INFO] Lower GetUserById, [END]: Elapsed Time 2.173482ms"
time="2024-10-08T19:32:02Z" level=info msg="[INFO] Upper GetUserById, [START]: Processing Request"
time="2024-10-08T19:32:02Z" level=info msg="[INFO] Lower GetUserById, [END]: Elapsed Time 5.707747ms"
time="2024-10-08T19:35:52Z" level=info msg="[INFO] Upper GetTicketById, [START]: Processing Request"
time="2024-10-08T19:35:52Z" level=info msg="[INFO] Lower GetTicketById, [END]: Elapsed Time 22.602204ms"
time="2024-10-08T19:36:32Z" level=info msg="[INFO] Upper GetTicketById, [START]: Processing Request"
time="2024-10-08T19:36:32Z" level=info msg="[INFO] Lower GetTicketById, [END]: Elapsed Time 21.356946ms"
time="2024-10-08T20:37:08Z" level=info msg="[INFO] Upper GetTicketSummary, [START]: Processing Request"
time="2024-10-08T20:37:08Z" level=info msg="[INFO] Lower GetTicketSummary, [END]: Elapsed Time 24.799062ms"
time="2024-10-08T20:37:08Z" level=info msg="[INFO] Upper GetTickets, [START]: Processing Request"
time="2024-10-08T20:37:08Z" level=info msg="[INFO] Lower GetTickets, [END]: Elapsed Time 14.674407ms"
time="2024-10-08T20:37:52Z" level=info msg="[INFO] Upper AddTicket, [START]: Processing Request"
time="2024-10-08T20:37:52Z" level=info msg="[INFO] Lower AddTicket, [END]: Elapsed Time 94.190194ms"
time="2024-10-08T20:37:52Z" level=info msg="[INFO] Upper GetTickets, [START]: Processing Request"
time="2024-10-08T20:37:52Z" level=info msg="[INFO] Lower GetTickets, [END]: Elapsed Time 11.160289ms"
time="2024-10-08T20:37:52Z" level=info msg="[INFO] Upper GetTicketSummary, [START]: Processing Request"
time="2024-10-08T20:37:52Z" level=info msg="[INFO] Lower GetTicketSummary, [END]: Elapsed Time 13.125725ms"
time="2024-10-08T20:38:00Z" level=info msg="[INFO] Upper GetTickets, [START]: Processing Request"
time="2024-10-08T20:38:00Z" level=info msg="[INFO] Lower GetTickets, [END]: Elapsed Time 16.550151ms"
time="2024-10-08T20:38:10Z" level=info msg="[INFO] Upper GetTickets, [START]: Processing Request"
time="2024-10-08T20:38:10Z" level=info msg="[INFO] Lower GetTickets, [END]: Elapsed Time 13.455693ms"
time="2024-10-08T20:38:10Z" level=info msg="[INFO] Upper GetUserById, [START]: Processing Request"
time="2024-10-08T20:38:10Z" level=info msg="[INFO] Lower GetUserById, [END]: Elapsed Time 3.333153ms"
time="2024-10-08T20:38:10Z" level=info msg="[INFO] Upper GetUserById, [START]: Processing Request"
time="2024-10-08T20:38:10Z" level=info msg="[INFO] Lower GetUserById, [END]: Elapsed Time 2.173872ms"
time="2024-10-08T20:38:20Z" level=info msg="[INFO] Upper GetTickets, [START]: Processing Request"
time="2024-10-08T20:38:20Z" level=info msg="[INFO] Lower GetTickets, [END]: Elapsed Time 14.041339ms"
time="2024-10-08T20:38:20Z" level=info msg="[INFO] Upper GetTicketSummary, [START]: Processing Request"
time="2024-10-08T20:38:20Z" level=info msg="[INFO] Lower GetTicketSummary, [END]: Elapsed Time 12.268281ms"
time="2024-10-08T20:38:22Z" level=info msg="[INFO] Upper GetTickets, [START]: Processing Request"
time="2024-10-08T20:38:22Z" level=info msg="[INFO] Lower GetTickets, [END]: Elapsed Time 12.094439ms"
time="2024-10-08T20:38:24Z" level=info msg="[INFO] Upper GetTickets, [START]: Processing Request"
time="2024-10-08T20:38:24Z" level=info msg="[INFO] Lower GetTickets, [END]: Elapsed Time 15.36965ms"
time="2024-10-08T20:38:24Z" level=info msg="[INFO] Upper GetTicketSummary, [START]: Processing Request"
time="2024-10-08T20:38:24Z" level=info msg="[INFO] Lower GetTicketSummary, [END]: Elapsed Time 12.146819ms"
time="2024-10-08T20:38:26Z" level=info msg="[INFO] Upper GetTickets, [START]: Processing Request"
time="2024-10-08T20:38:26Z" level=info msg="[INFO] Lower GetTickets, [END]: Elapsed Time 11.766003ms"
time="2024-10-08T20:39:03Z" level=info msg="[INFO] Upper GetTickets, [START]: Processing Request"
time="2024-10-08T20:39:03Z" level=info msg="[INFO] Lower GetTickets, [END]: Elapsed Time 15.630658ms"
time="2024-10-08T20:39:05Z" level=info msg="[INFO] Upper GetTicketById, [START]: Processing Request"
time="2024-10-08T20:39:05Z" level=info msg="[INFO] Lower GetTicketById, [END]: Elapsed Time 14.570447ms"
time="2024-10-08T20:39:12Z" level=info msg="[INFO] Upper GetTicketById, [START]: Processing Request"
time="2024-10-08T20:39:12Z" level=info msg="[INFO] Lower GetTicketById, [END]: Elapsed Time 13.822823ms"
time="2024-10-08T20:40:41Z" level=info msg="[INFO] Upper GetTicketById, [START]: Processing Request"
time="2024-10-08T20:40:41Z" level=info msg="[INFO] Lower GetTicketById, [END]: Elapsed Time 14.253343ms"
time="2024-10-08T20:42:04Z" level=info msg="[INFO] Upper GetTicketById, [START]: Processing Request"
time="2024-10-08T20:42:04Z" level=info msg="[INFO] Lower GetTicketById, [END]: Elapsed Time 14.244636ms"
