time="2024-09-28T17:37:18+07:00" level=info msg="[INFO] Upper AddUser, [START]: Processing Request"
time="2024-09-28T17:37:18+07:00" level=info msg="[INFO] Request Body: {ID:0 Username:johndoe Password:secret123 Email:johndoe@example.com Role:admin CreatedBy: UpdatedBy: CreatedAt:0001-01-01 00:00:00 +0000 UTC UpdatedAt:0001-01-01 00:00:00 +0000 UTC}"
time="2024-09-28T17:37:18+07:00" level=info msg="[INFO] Lower AddUser, [END]: Elapsed Time 163.6907ms"
time="2024-09-28T17:37:21+07:00" level=info msg="[INFO] Upper SignIn, [START]: Processing Request"
time="2024-09-28T17:37:21+07:00" level=info msg="[INFO] Request Body: {Username:johndoe2 Password:******}"
time="2024-09-28T17:37:21+07:00" level=error msg="[ERROR] Process failed [user not found]"
time="2024-09-28T17:37:34+07:00" level=info msg="[INFO] Upper SignIn, [START]: Processing Request"
time="2024-09-28T17:37:34+07:00" level=info msg="[INFO] Request Body: {Username:johndoe Password:******}"
time="2024-09-28T17:37:34+07:00" level=info msg="[INFO] Lower SignIn, [END]: Elapsed time 116.7225ms"
time="2024-09-28T17:37:45+07:00" level=info msg="[INFO] Upper AddTicket, [START]: Processing Request"
time="2024-09-28T17:37:45+07:00" level=error msg="[ERROR] Key: 'Ticket.Reporter.Username' Error:Field validation for 'Username' failed on the 'required' tag\nKey: 'Ticket.Reporter.Email' Error:Field validation for 'Email' failed on the 'required' tag\nKey: 'Ticket.Reporter.Role' Error:Field validation for 'Role' failed on the 'required' tag\nKey: 'Ticket.Assigned.Username' Error:Field validation for 'Username' failed on the 'required' tag\nKey: 'Ticket.Assigned.Email' Error:Field validation for 'Email' failed on the 'required' tag\nKey: 'Ticket.Assigned.Role' Error:Field validation for 'Role' failed on the 'required' tag"
time="2024-09-28T17:39:13+07:00" level=info msg="[INFO] Upper AddTicket, [START]: Processing Request"
time="2024-09-28T17:39:13+07:00" level=error msg="[ERROR] Key: 'Ticket.Reporter.Username' Error:Field validation for 'Username' failed on the 'required' tag\nKey: 'Ticket.Reporter.Email' Error:Field validation for 'Email' failed on the 'required' tag\nKey: 'Ticket.Reporter.Role' Error:Field validation for 'Role' failed on the 'required' tag\nKey: 'Ticket.Assigned.Username' Error:Field validation for 'Username' failed on the 'required' tag\nKey: 'Ticket.Assigned.Email' Error:Field validation for 'Email' failed on the 'required' tag\nKey: 'Ticket.Assigned.Role' Error:Field validation for 'Role' failed on the 'required' tag"
time="2024-09-28T17:41:46+07:00" level=info msg="[INFO] Upper AddTicket, [START]: Processing Request"
time="2024-09-28T17:43:34+07:00" level=info msg="[INFO] Upper AddTicket, [START]: Processing Request"
time="2024-09-28T17:43:34+07:00" level=error msg="[ERROR] Process Failed [Error 1292 (22007): Incorrect datetime value: '0000-00-00' for column 'report_date' at row 1]"
time="2024-09-28T17:44:45+07:00" level=info msg="[INFO] Upper AddTicket, [START]: Processing Request"
time="2024-09-28T17:44:45+07:00" level=error msg="[ERROR] Process Failed [Error 1292 (22007): Incorrect datetime value: '0000-00-00' for column 'report_date' at row 1]"
time="2024-09-28T17:46:04+07:00" level=info msg="[INFO] Upper AddTicket, [START]: Processing Request"
time="2024-09-28T17:46:04+07:00" level=error msg="[ERROR] Process Failed [Error 1292 (22007): Incorrect datetime value: '0000-00-00' for column 'report_date' at row 1]"
time="2024-09-28T17:46:38+07:00" level=info msg="[INFO] Upper AddTicket, [START]: Processing Request"
time="2024-09-28T17:46:38+07:00" level=error msg="[ERROR] Process Failed [Error 1292 (22007): Incorrect datetime value: '0000-00-00' for column 'report_date' at row 1]"
