time="2024-09-27T19:51:25+07:00" level=info msg="[INFO] Upper SignIn, [START]: Processing Request"
time="2024-09-27T19:51:25+07:00" level=info msg="[INFO] Request Body: {Username:sipky Password:******}"
time="2024-09-27T19:51:25+07:00" level=error msg="[ERROR] Process failed [user not found]"
time="2024-09-27T19:52:30+07:00" level=info msg="[INFO] Upper AddUser, [START]: Processing Request"
time="2024-09-27T19:52:30+07:00" level=info msg="[INFO] Request Body: {ID:0 Username:johndoe Password:secret123 Email:johndoe@example.com Role:admin CreatedBy: UpdatedBy: CreatedAt:0001-01-01 00:00:00 +0000 UTC UpdatedAt:0001-01-01 00:00:00 +0000 UTC}"
time="2024-09-27T19:52:30+07:00" level=info msg="[INFO] Lower AddUser, [END]: Elapsed Time 123.5505ms"
time="2024-09-27T19:52:39+07:00" level=info msg="[INFO] Upper SignIn, [START]: Processing Request"
time="2024-09-27T19:52:39+07:00" level=info msg="[INFO] Request Body: {Username:johndoe Password:******}"
time="2024-09-27T19:52:39+07:00" level=info msg="[INFO] Lower SignIn, [END]: Elapsed time 58.2225ms"
time="2024-09-27T19:53:37+07:00" level=info msg="[INFO] Upper SignIn, [START]: Processing Request"
time="2024-09-27T19:53:37+07:00" level=info msg="[INFO] Request Body: {Username:johndoe Password:******}"
time="2024-09-27T19:53:37+07:00" level=info msg="[INFO] Lower SignIn, [END]: Elapsed time 64.0084ms"
time="2024-09-27T19:54:28+07:00" level=info msg="[INFO] Upper SignIn, [START]: Processing Request"
time="2024-09-27T19:54:28+07:00" level=info msg="[INFO] Request Body: {Username:johndoe Password:******}"
time="2024-09-27T19:54:28+07:00" level=info msg="[INFO] Lower SignIn, [END]: Elapsed time 65.0415ms"
time="2024-09-27T19:54:30+07:00" level=info msg="[INFO] Upper SignIn, [START]: Processing Request"
time="2024-09-27T19:54:30+07:00" level=info msg="[INFO] Request Body: {Username:johndoe Password:******}"
time="2024-09-27T19:54:30+07:00" level=info msg="[INFO] Lower SignIn, [END]: Elapsed time 61.7127ms"
time="2024-09-27T19:55:46+07:00" level=info msg="[INFO] Upper SignIn, [START]: Processing Request"
time="2024-09-27T19:55:46+07:00" level=info msg="[INFO] Request Body: {Username:johndoe Password:******}"
time="2024-09-27T19:55:46+07:00" level=info msg="[INFO] Lower SignIn, [END]: Elapsed time 59.2883ms"
time="2024-09-27T19:56:07+07:00" level=info msg="[INFO] Upper SignIn, [START]: Processing Request"
time="2024-09-27T19:56:07+07:00" level=info msg="[INFO] Request Body: {Username:johndoe Password:******}"
time="2024-09-27T19:56:07+07:00" level=info msg="[INFO] Lower SignIn, [END]: Elapsed time 58.7154ms"
time="2024-09-27T19:56:10+07:00" level=info msg="[INFO] Upper SignIn, [START]: Processing Request"
time="2024-09-27T19:56:10+07:00" level=info msg="[INFO] Request Body: {Username:johndoe Password:******}"
time="2024-09-27T19:56:10+07:00" level=info msg="[INFO] Lower SignIn, [END]: Elapsed time 61.5741ms"
time="2024-09-27T19:56:15+07:00" level=info msg="[INFO] Upper SignIn, [START]: Processing Request"
time="2024-09-27T19:56:15+07:00" level=info msg="[INFO] Request Body: {Username:johndoe Password:******}"
time="2024-09-27T19:56:15+07:00" level=info msg="[INFO] Lower SignIn, [END]: Elapsed time 58.9617ms"
time="2024-09-27T19:56:16+07:00" level=info msg="[INFO] Upper SignIn, [START]: Processing Request"
time="2024-09-27T19:56:16+07:00" level=info msg="[INFO] Request Body: {Username:johndoe Password:******}"
time="2024-09-27T19:56:16+07:00" level=info msg="[INFO] Lower SignIn, [END]: Elapsed time 59.4414ms"
time="2024-09-27T19:56:38+07:00" level=info msg="[INFO] Upper SignIn, [START]: Processing Request"
time="2024-09-27T19:56:38+07:00" level=info msg="[INFO] Request Body: {Username:johndoe Password:******}"
time="2024-09-27T19:56:38+07:00" level=info msg="[INFO] Lower SignIn, [END]: Elapsed time 64.4081ms"
time="2024-09-27T19:56:57+07:00" level=info msg="[INFO] Upper SignIn, [START]: Processing Request"
time="2024-09-27T19:56:57+07:00" level=info msg="[INFO] Request Body: {Username:johndoe Password:******}"
time="2024-09-27T19:56:57+07:00" level=info msg="[INFO] Lower SignIn, [END]: Elapsed time 59.6443ms"
time="2024-09-27T19:57:03+07:00" level=info msg="[INFO] Upper GetUsers, [START]: Processing Request"
time="2024-09-27T19:57:03+07:00" level=info msg="[INFO] Lower GetUsers, [END]: Elapsed Time 5.7563ms"
time="2024-09-27T19:57:38+07:00" level=info msg="[INFO] Upper GetUserById, [START]: Processing Request"
time="2024-09-27T19:57:38+07:00" level=info msg="[INFO] Lower GetUserById, [END]: Elapsed Time 9.0607ms"
time="2024-09-27T20:01:00+07:00" level=info msg="[INFO] Upper AddUser, [START]: Processing Request"
time="2024-09-27T20:01:00+07:00" level=info msg="[INFO] Request Body: {ID:0 Username:johndoe Password:secret123 Email:johndoe@example.com Role:admin CreatedBy: UpdatedBy: CreatedAt:0001-01-01 00:00:00 +0000 UTC UpdatedAt:0001-01-01 00:00:00 +0000 UTC}"
time="2024-09-27T20:01:00+07:00" level=error msg="[ERROR] Process Failed [Error 1062 (23000): Duplicate entry 'johndoe' for key 'users.uni_users_username']"
time="2024-09-27T20:01:06+07:00" level=info msg="[INFO] Upper AddUser, [START]: Processing Request"
time="2024-09-27T20:01:06+07:00" level=info msg="[INFO] Request Body: {ID:0 Username:johndoe2 Password:secret123 Email:johndoe@example.com Role:admin CreatedBy: UpdatedBy: CreatedAt:0001-01-01 00:00:00 +0000 UTC UpdatedAt:0001-01-01 00:00:00 +0000 UTC}"
time="2024-09-27T20:01:06+07:00" level=error msg="[ERROR] Process Failed [Error 1062 (23000): Duplicate entry 'johndoe@example.com' for key 'users.uni_users_email']"
time="2024-09-27T20:01:11+07:00" level=info msg="[INFO] Upper AddUser, [START]: Processing Request"
time="2024-09-27T20:01:11+07:00" level=info msg="[INFO] Request Body: {ID:0 Username:johndoe2 Password:secret123 Email:johndoe2@example.com Role:admin CreatedBy: UpdatedBy: CreatedAt:0001-01-01 00:00:00 +0000 UTC UpdatedAt:0001-01-01 00:00:00 +0000 UTC}"
time="2024-09-27T20:01:11+07:00" level=info msg="[INFO] Lower AddUser, [END]: Elapsed Time 267.733ms"
time="2024-09-27T20:01:22+07:00" level=info msg="[INFO] Upper SignIn, [START]: Processing Request"
time="2024-09-27T20:01:22+07:00" level=info msg="[INFO] Request Body: {Username: Password:******}"
time="2024-09-27T20:01:22+07:00" level=error msg="[ERROR] Validation failed invalid character '}' looking for beginning of object key string"
time="2024-09-27T20:01:27+07:00" level=info msg="[INFO] Upper SignIn, [START]: Processing Request"
time="2024-09-27T20:01:27+07:00" level=info msg="[INFO] Request Body: {Username:johndoe2 Password:******}"
time="2024-09-27T20:01:27+07:00" level=info msg="[INFO] Lower SignIn, [END]: Elapsed time 193.2102ms"
time="2024-09-27T20:02:20+07:00" level=info msg="[INFO] Upper UpdateUser, [START]: Processing Request"
time="2024-09-27T20:02:20+07:00" level=info msg="[INFO] Request Body: {ID:0 Username:johndoe3 Password:secret123 Email:johndoe2@example.com Role:admin CreatedBy: UpdatedBy: CreatedAt:0001-01-01 00:00:00 +0000 UTC UpdatedAt:0001-01-01 00:00:00 +0000 UTC}"
time="2024-09-27T20:02:20+07:00" level=error msg="[ERROR] Process Failed [Error 1062 (23000): Duplicate entry 'johndoe2@example.com' for key 'users.uni_users_email']"
time="2024-09-27T20:02:24+07:00" level=info msg="[INFO] Upper UpdateUser, [START]: Processing Request"
time="2024-09-27T20:02:24+07:00" level=info msg="[INFO] Request Body: {ID:0 Username:johndoe2 Password:secret123 Email:johndoe2@example.com Role:admin CreatedBy: UpdatedBy: CreatedAt:0001-01-01 00:00:00 +0000 UTC UpdatedAt:0001-01-01 00:00:00 +0000 UTC}"
time="2024-09-27T20:02:24+07:00" level=error msg="[ERROR] Process Failed [Error 1062 (23000): Duplicate entry 'johndoe2' for key 'users.uni_users_username']"
time="2024-09-27T20:02:59+07:00" level=info msg="[INFO] Upper GetUsers, [START]: Processing Request"
time="2024-09-27T20:02:59+07:00" level=info msg="[INFO] Lower GetUsers, [END]: Elapsed Time 23.5981ms"
time="2024-09-27T20:03:06+07:00" level=info msg="[INFO] Upper GetUsers, [START]: Processing Request"
time="2024-09-27T20:03:06+07:00" level=info msg="[INFO] Lower GetUsers, [END]: Elapsed Time 29.27ms"
time="2024-09-27T20:03:13+07:00" level=info msg="[INFO] Upper GetUserById, [START]: Processing Request"
time="2024-09-27T20:03:13+07:00" level=info msg="[INFO] Lower GetUserById, [END]: Elapsed Time 21.17ms"
time="2024-09-27T20:03:14+07:00" level=info msg="[INFO] Upper GetUserById, [START]: Processing Request"
time="2024-09-27T20:03:14+07:00" level=error msg="[ERROR] Process Failed [record not found]"
time="2024-09-27T20:03:16+07:00" level=info msg="[INFO] Upper GetUserById, [START]: Processing Request"
time="2024-09-27T20:03:16+07:00" level=error msg="[ERROR] Process Failed [record not found]"
time="2024-09-27T20:03:17+07:00" level=info msg="[INFO] Upper GetUserById, [START]: Processing Request"
time="2024-09-27T20:03:17+07:00" level=info msg="[INFO] Lower GetUserById, [END]: Elapsed Time 25.5813ms"
time="2024-09-27T20:03:31+07:00" level=info msg="[INFO] Upper AddUser, [START]: Processing Request"
time="2024-09-27T20:03:31+07:00" level=info msg="[INFO] Request Body: {ID:0 Username:johndoe3 Password:secret123 Email:johndoe3@example.com Role:admin CreatedBy: UpdatedBy: CreatedAt:0001-01-01 00:00:00 +0000 UTC UpdatedAt:0001-01-01 00:00:00 +0000 UTC}"
time="2024-09-27T20:03:31+07:00" level=info msg="[INFO] Lower AddUser, [END]: Elapsed Time 227.1063ms"
time="2024-09-27T20:03:36+07:00" level=info msg="[INFO] Upper GetUsers, [START]: Processing Request"
time="2024-09-27T20:03:36+07:00" level=info msg="[INFO] Lower GetUsers, [END]: Elapsed Time 23.6605ms"
time="2024-09-27T20:04:06+07:00" level=info msg="[INFO] Upper UpdateUser, [START]: Processing Request"
time="2024-09-27T20:04:06+07:00" level=info msg="[INFO] Request Body: {ID:0 Username:johndoe5 Password:secret123 Email:johndoe5@example.com Role:admin CreatedBy: UpdatedBy: CreatedAt:0001-01-01 00:00:00 +0000 UTC UpdatedAt:0001-01-01 00:00:00 +0000 UTC}"
time="2024-09-27T20:04:06+07:00" level=info msg="[INFO] Lower UpdateUser, [END]: Elapsed Time 82.6474ms"
time="2024-09-27T20:04:10+07:00" level=info msg="[INFO] Upper GetUsers, [START]: Processing Request"
time="2024-09-27T20:04:10+07:00" level=info msg="[INFO] Lower GetUsers, [END]: Elapsed Time 12.0851ms"
