time="2024-09-30T08:00:32+07:00" level=info msg="[INFO] Upper SignIn, [START]: Processing Request"
time="2024-09-30T08:00:32+07:00" level=info msg="[INFO] Request Body: {Username:johndoe Password:******}"
time="2024-09-30T08:00:32+07:00" level=info msg="[INFO] Lower SignIn, [END]: Elapsed time 63.1425ms"
time="2024-09-30T08:00:36+07:00" level=info msg="[INFO] Upper GetTickets, [START]: Processing Request"
time="2024-09-30T08:00:36+07:00" level=info msg="[INFO] Lower GetTickets, [END]: Elapsed Time 110.0067ms"
time="2024-09-30T08:00:45+07:00" level=info msg="[INFO] Upper GetTickets, [START]: Processing Request"
time="2024-09-30T08:00:45+07:00" level=info msg="[INFO] Lower GetTickets, [END]: Elapsed Time 162.3818ms"
time="2024-09-30T08:01:09+07:00" level=info msg="[INFO] Upper GetTickets, [START]: Processing Request"
time="2024-09-30T08:01:09+07:00" level=info msg="[INFO] Lower GetTickets, [END]: Elapsed Time 170.1908ms"
time="2024-09-30T08:01:26+07:00" level=info msg="[INFO] Upper GetTickets, [START]: Processing Request"
time="2024-09-30T08:01:26+07:00" level=info msg="[INFO] Lower GetTickets, [END]: Elapsed Time 153.7831ms"
time="2024-09-30T08:01:28+07:00" level=info msg="[INFO] Upper GetTickets, [START]: Processing Request"
time="2024-09-30T08:01:28+07:00" level=info msg="[INFO] Lower GetTickets, [END]: Elapsed Time 160.058ms"
time="2024-09-30T08:01:59+07:00" level=info msg="[INFO] Upper GetTickets, [START]: Processing Request"
time="2024-09-30T08:01:59+07:00" level=error msg="[ERROR] Process Failed [Error 1054 (42S22): Unknown column 'reported_date' in 'where clause']"
time="2024-09-30T08:02:48+07:00" level=info msg="[INFO] Upper GetTickets, [START]: Processing Request"
time="2024-09-30T08:02:48+07:00" level=info msg="[INFO] Lower GetTickets, [END]: Elapsed Time 8.2287ms"
time="2024-09-30T08:02:54+07:00" level=info msg="[INFO] Upper GetTickets, [START]: Processing Request"
time="2024-09-30T08:02:54+07:00" level=info msg="[INFO] Lower GetTickets, [END]: Elapsed Time 165.1156ms"
time="2024-09-30T08:03:11+07:00" level=info msg="[INFO] Upper GetTickets, [START]: Processing Request"
time="2024-09-30T08:03:11+07:00" level=info msg="[INFO] Lower GetTickets, [END]: Elapsed Time 9.4313ms"
time="2024-09-30T08:04:17+07:00" level=info msg="[INFO] Upper GetTickets, [START]: Processing Request"
time="2024-09-30T08:04:17+07:00" level=info msg="[INFO] Lower GetTickets, [END]: Elapsed Time 166.8893ms"
time="2024-09-30T08:04:43+07:00" level=info msg="[INFO] Upper GetTickets, [START]: Processing Request"
time="2024-09-30T08:04:43+07:00" level=info msg="[INFO] Lower GetTickets, [END]: Elapsed Time 165.9188ms"
time="2024-09-30T08:04:53+07:00" level=info msg="[INFO] Upper GetTickets, [START]: Processing Request"
time="2024-09-30T08:04:53+07:00" level=error msg="[ERROR] Process Failed [Error 1064 (42000): You have an error in your SQL syntax; check the manual that corresponds to your MySQL server version for the right syntax to use near 'OFFSET ?' at line 1]"
time="2024-09-30T08:04:58+07:00" level=info msg="[INFO] Upper GetTickets, [START]: Processing Request"
time="2024-09-30T08:04:58+07:00" level=info msg="[INFO] Lower GetTickets, [END]: Elapsed Time 155.7905ms"
time="2024-09-30T08:05:00+07:00" level=info msg="[INFO] Upper GetTickets, [START]: Processing Request"
time="2024-09-30T08:05:01+07:00" level=info msg="[INFO] Lower GetTickets, [END]: Elapsed Time 162.8644ms"
time="2024-09-30T08:10:38+07:00" level=info msg="[INFO] Upper GetTickets, [START]: Processing Request"
time="2024-09-30T08:10:38+07:00" level=info msg="[INFO] Lower GetTickets, [END]: Elapsed Time 158.3247ms"
time="2024-09-30T08:10:54+07:00" level=info msg="[INFO] Upper GetTickets, [START]: Processing Request"
time="2024-09-30T08:10:54+07:00" level=info msg="[INFO] Lower GetTickets, [END]: Elapsed Time 161.3888ms"
time="2024-09-30T08:11:49+07:00" level=info msg="[INFO] Upper GetTickets, [START]: Processing Request"
time="2024-09-30T08:11:49+07:00" level=info msg="[INFO] Lower GetTickets, [END]: Elapsed Time 158.4914ms"
time="2024-09-30T08:11:52+07:00" level=info msg="[INFO] Upper GetTickets, [START]: Processing Request"
time="2024-09-30T08:11:52+07:00" level=info msg="[INFO] Lower GetTickets, [END]: Elapsed Time 9.5496ms"
time="2024-09-30T08:11:53+07:00" level=info msg="[INFO] Upper GetTickets, [START]: Processing Request"
time="2024-09-30T08:11:53+07:00" level=info msg="[INFO] Lower GetTickets, [END]: Elapsed Time 162.3492ms"
